SF:lib\src\credit_card_flag_detector.dart
DA:4,1
DA:5,0
DA:8,3
DA:11,3
DA:16,1
DA:19,1
DA:20,2
DA:22,1
DA:27,2
DA:30,4
DA:31,3
DA:33,2
DA:36,3
DA:38,2
DA:39,1
DA:42,3
DA:46,1
DA:47,3
DA:48,3
DA:49,1
DA:50,1
DA:52,2
DA:54,2
DA:56,1
DA:61,3
DA:63,2
DA:65,2
DA:67,1
DA:74,5
DA:78,1
DA:79,3
DA:80,1
DA:87,1
DA:88,2
DA:91,0
DA:92,0
DA:95,1
DA:96,1
DA:98,1
DA:99,2
DA:103,1
DA:104,2
DA:108,1
DA:109,2
LF:44
LH:41
end_of_record
SF:lib\src\enums\credit_card_flag_detector_constants.dart
DA:205,1
DA:206,5
DA:207,2
DA:208,1
DA:209,1
DA:210,1
DA:211,1
DA:212,2
LF:8
LH:8
end_of_record
SF:lib\src\models\credit_card_flag_model.dart
DA:16,3
DA:20,1
DA:29,1
DA:30,2
DA:34,0
DA:35,0
DA:38,1
DA:40,1
DA:41,3
DA:42,3
DA:43,3
DA:44,3
DA:45,3
DA:47,0
DA:48,0
LF:15
LH:11
end_of_record
SF:lib\src\enums\security_code_enum.dart
DA:57,4
LF:1
LH:1
end_of_record
SF:lib\src\models\security_code.dart
DA:5,1
DA:7,1
DA:9,7
DA:11,0
DA:12,0
LF:5
LH:3
end_of_record
SF:lib\src\models\card_collection.dart
DA:6,0
DA:7,2
DA:9,1
DA:10,1
DA:12,2
DA:14,1
DA:15,4
DA:17,1
DA:18,1
DA:19,2
DA:24,1
DA:25,2
DA:26,2
DA:31,2
DA:35,1
DA:36,2
DA:39,1
DA:40,2
DA:43,1
DA:44,2
LF:20
LH:19
end_of_record
SF:lib\src\models\pattern.dart
DA:10,1
DA:12,0
DA:13,0
DA:16,1
DA:18,4
DA:20,1
DA:21,2
LF:7
LH:5
end_of_record
